
**** Build of configuration Debug for project milestone_one ****

"C:\\ti\\ccsv7\\utils\\bin\\gmake" -k -j 8 all -O 
 
'Building file: "P:/lab_a02_group_10/OrbitOLED/lib_OrbitOled/ChrFont0.c"'
'Invoking: ARM Compiler'
"C:/ti/ccsv7/tools/compiler/ti-cgt-arm_16.9.6.LTS/bin/armcl" -mv7M4 --code_state=16 --float_support=FPv4SPD16 -me --include_path="E:/lab_a02_group_10/milestone_one" --include_path="P:/lab_a02_group_10" --include_path="C:/ti/TivaWare_C_Series-2.1.4.178" --include_path="C:/ti/ccsv7/tools/compiler/ti-cgt-arm_16.9.6.LTS/include" --define=ccs="ccs" --define=PART_TM4C123GH6PM -g --gcc --diag_warning=225 --diag_wrap=off --display_error_number --abi=eabi --preproc_with_compile --preproc_dependency="OrbitOLED/lib_OrbitOled/ChrFont0.d_raw" --obj_directory="OrbitOLED/lib_OrbitOled"  "P:/lab_a02_group_10/OrbitOLED/lib_OrbitOled/ChrFont0.c"
'Finished building: "P:/lab_a02_group_10/OrbitOLED/lib_OrbitOled/ChrFont0.c"'
 
'Building file: "../tm4c123gh6pm_startup_ccs.c"'
'Invoking: ARM Compiler'
"C:/ti/ccsv7/tools/compiler/ti-cgt-arm_16.9.6.LTS/bin/armcl" -mv7M4 --code_state=16 --float_support=FPv4SPD16 -me --include_path="E:/lab_a02_group_10/milestone_one" --include_path="P:/lab_a02_group_10" --include_path="C:/ti/TivaWare_C_Series-2.1.4.178" --include_path="C:/ti/ccsv7/tools/compiler/ti-cgt-arm_16.9.6.LTS/include" --define=ccs="ccs" --define=PART_TM4C123GH6PM -g --gcc --diag_warning=225 --diag_wrap=off --display_error_number --abi=eabi --preproc_with_compile --preproc_dependency="tm4c123gh6pm_startup_ccs.d_raw"  "../tm4c123gh6pm_startup_ccs.c"
'Finished building: "../tm4c123gh6pm_startup_ccs.c"'
 
'Building file: "../buttons4.c"'
'Invoking: ARM Compiler'
"C:/ti/ccsv7/tools/compiler/ti-cgt-arm_16.9.6.LTS/bin/armcl" -mv7M4 --code_state=16 --float_support=FPv4SPD16 -me --include_path="E:/lab_a02_group_10/milestone_one" --include_path="P:/lab_a02_group_10" --include_path="C:/ti/TivaWare_C_Series-2.1.4.178" --include_path="C:/ti/ccsv7/tools/compiler/ti-cgt-arm_16.9.6.LTS/include" --define=ccs="ccs" --define=PART_TM4C123GH6PM -g --gcc --diag_warning=225 --diag_wrap=off --display_error_number --abi=eabi --preproc_with_compile --preproc_dependency="buttons4.d_raw"  "../buttons4.c"
'Finished building: "../buttons4.c"'
 
'Building file: "P:/lab_a02_group_10/OrbitOLED/OrbitOLEDInterface.c"'
'Invoking: ARM Compiler'
"C:/ti/ccsv7/tools/compiler/ti-cgt-arm_16.9.6.LTS/bin/armcl" -mv7M4 --code_state=16 --float_support=FPv4SPD16 -me --include_path="E:/lab_a02_group_10/milestone_one" --include_path="P:/lab_a02_group_10" --include_path="C:/ti/TivaWare_C_Series-2.1.4.178" --include_path="C:/ti/ccsv7/tools/compiler/ti-cgt-arm_16.9.6.LTS/include" --define=ccs="ccs" --define=PART_TM4C123GH6PM -g --gcc --diag_warning=225 --diag_wrap=off --display_error_number --abi=eabi --preproc_with_compile --preproc_dependency="OrbitOLED/OrbitOLEDInterface.d_raw" --obj_directory="OrbitOLED"  "P:/lab_a02_group_10/OrbitOLED/OrbitOLEDInterface.c"
'Finished building: "P:/lab_a02_group_10/OrbitOLED/OrbitOLEDInterface.c"'
 
'Building file: "../circBufT.c"'
'Invoking: ARM Compiler'
"C:/ti/ccsv7/tools/compiler/ti-cgt-arm_16.9.6.LTS/bin/armcl" -mv7M4 --code_state=16 --float_support=FPv4SPD16 -me --include_path="E:/lab_a02_group_10/milestone_one" --include_path="P:/lab_a02_group_10" --include_path="C:/ti/TivaWare_C_Series-2.1.4.178" --include_path="C:/ti/ccsv7/tools/compiler/ti-cgt-arm_16.9.6.LTS/include" --define=ccs="ccs" --define=PART_TM4C123GH6PM -g --gcc --diag_warning=225 --diag_wrap=off --display_error_number --abi=eabi --preproc_with_compile --preproc_dependency="circBufT.d_raw"  "../circBufT.c"
'Finished building: "../circBufT.c"'
 
'Building file: "../Milestone1.c"'
'Invoking: ARM Compiler'
"C:/ti/ccsv7/tools/compiler/ti-cgt-arm_16.9.6.LTS/bin/armcl" -mv7M4 --code_state=16 --float_support=FPv4SPD16 -me --include_path="E:/lab_a02_group_10/milestone_one" --include_path="P:/lab_a02_group_10" --include_path="C:/ti/TivaWare_C_Series-2.1.4.178" --include_path="C:/ti/ccsv7/tools/compiler/ti-cgt-arm_16.9.6.LTS/include" --define=ccs="ccs" --define=PART_TM4C123GH6PM -g --gcc --diag_warning=225 --diag_wrap=off --display_error_number --abi=eabi --preproc_with_compile --preproc_dependency="Milestone1.d_raw"  "../Milestone1.c"
'Finished building: "../Milestone1.c"'
 
'Building file: "../Milestone2.c"'
'Invoking: ARM Compiler'
"C:/ti/ccsv7/tools/compiler/ti-cgt-arm_16.9.6.LTS/bin/armcl" -mv7M4 --code_state=16 --float_support=FPv4SPD16 -me --include_path="E:/lab_a02_group_10/milestone_one" --include_path="P:/lab_a02_group_10" --include_path="C:/ti/TivaWare_C_Series-2.1.4.178" --include_path="C:/ti/ccsv7/tools/compiler/ti-cgt-arm_16.9.6.LTS/include" --define=ccs="ccs" --define=PART_TM4C123GH6PM -g --gcc --diag_warning=225 --diag_wrap=off --display_error_number --abi=eabi --preproc_with_compile --preproc_dependency="Milestone2.d_raw"  "../Milestone2.c"
'Finished building: "../Milestone2.c"'
 
'Building file: "P:/lab_a02_group_10/OrbitOLED/lib_OrbitOled/FillPat.c"'
'Invoking: ARM Compiler'
"C:/ti/ccsv7/tools/compiler/ti-cgt-arm_16.9.6.LTS/bin/armcl" -mv7M4 --code_state=16 --float_support=FPv4SPD16 -me --include_path="E:/lab_a02_group_10/milestone_one" --include_path="P:/lab_a02_group_10" --include_path="C:/ti/TivaWare_C_Series-2.1.4.178" --include_path="C:/ti/ccsv7/tools/compiler/ti-cgt-arm_16.9.6.LTS/include" --define=ccs="ccs" --define=PART_TM4C123GH6PM -g --gcc --diag_warning=225 --diag_wrap=off --display_error_number --abi=eabi --preproc_with_compile --preproc_dependency="OrbitOLED/lib_OrbitOled/FillPat.d_raw" --obj_directory="OrbitOLED/lib_OrbitOled"  "P:/lab_a02_group_10/OrbitOLED/lib_OrbitOled/FillPat.c"
'Finished building: "P:/lab_a02_group_10/OrbitOLED/lib_OrbitOled/FillPat.c"'
 
'Building file: "P:/lab_a02_group_10/OrbitOLED/lib_OrbitOled/delay.c"'
'Invoking: ARM Compiler'
"C:/ti/ccsv7/tools/compiler/ti-cgt-arm_16.9.6.LTS/bin/armcl" -mv7M4 --code_state=16 --float_support=FPv4SPD16 -me --include_path="E:/lab_a02_group_10/milestone_one" --include_path="P:/lab_a02_group_10" --include_path="C:/ti/TivaWare_C_Series-2.1.4.178" --include_path="C:/ti/ccsv7/tools/compiler/ti-cgt-arm_16.9.6.LTS/include" --define=ccs="ccs" --define=PART_TM4C123GH6PM -g --gcc --diag_warning=225 --diag_wrap=off --display_error_number --abi=eabi --preproc_with_compile --preproc_dependency="OrbitOLED/lib_OrbitOled/delay.d_raw" --obj_directory="OrbitOLED/lib_OrbitOled"  "P:/lab_a02_group_10/OrbitOLED/lib_OrbitOled/delay.c"
'Finished building: "P:/lab_a02_group_10/OrbitOLED/lib_OrbitOled/delay.c"'
 
'Building file: "P:/lab_a02_group_10/OrbitOLED/lib_OrbitOled/OrbitOledChar.c"'
'Invoking: ARM Compiler'
"C:/ti/ccsv7/tools/compiler/ti-cgt-arm_16.9.6.LTS/bin/armcl" -mv7M4 --code_state=16 --float_support=FPv4SPD16 -me --include_path="E:/lab_a02_group_10/milestone_one" --include_path="P:/lab_a02_group_10" --include_path="C:/ti/TivaWare_C_Series-2.1.4.178" --include_path="C:/ti/ccsv7/tools/compiler/ti-cgt-arm_16.9.6.LTS/include" --define=ccs="ccs" --define=PART_TM4C123GH6PM -g --gcc --diag_warning=225 --diag_wrap=off --display_error_number --abi=eabi --preproc_with_compile --preproc_dependency="OrbitOLED/lib_OrbitOled/OrbitOledChar.d_raw" --obj_directory="OrbitOLED/lib_OrbitOled"  "P:/lab_a02_group_10/OrbitOLED/lib_OrbitOled/OrbitOledChar.c"
'Finished building: "P:/lab_a02_group_10/OrbitOLED/lib_OrbitOled/OrbitOledChar.c"'
 
'Building file: "C:/ti/TivaWare_C_Series-2.1.4.178/utils/ustdlib.c"'
'Invoking: ARM Compiler'
"C:/ti/ccsv7/tools/compiler/ti-cgt-arm_16.9.6.LTS/bin/armcl" -mv7M4 --code_state=16 --float_support=FPv4SPD16 -me --include_path="E:/lab_a02_group_10/milestone_one" --include_path="P:/lab_a02_group_10" --include_path="C:/ti/TivaWare_C_Series-2.1.4.178" --include_path="C:/ti/ccsv7/tools/compiler/ti-cgt-arm_16.9.6.LTS/include" --define=ccs="ccs" --define=PART_TM4C123GH6PM -g --gcc --diag_warning=225 --diag_wrap=off --display_error_number --abi=eabi --preproc_with_compile --preproc_dependency="ustdlib.d_raw"  "C:/ti/TivaWare_C_Series-2.1.4.178/utils/ustdlib.c"
'Finished building: "C:/ti/TivaWare_C_Series-2.1.4.178/utils/ustdlib.c"'
 
'Building file: "P:/lab_a02_group_10/OrbitOLED/lib_OrbitOled/OrbitOled.c"'
'Invoking: ARM Compiler'
"C:/ti/ccsv7/tools/compiler/ti-cgt-arm_16.9.6.LTS/bin/armcl" -mv7M4 --code_state=16 --float_support=FPv4SPD16 -me --include_path="E:/lab_a02_group_10/milestone_one" --include_path="P:/lab_a02_group_10" --include_path="C:/ti/TivaWare_C_Series-2.1.4.178" --include_path="C:/ti/ccsv7/tools/compiler/ti-cgt-arm_16.9.6.LTS/include" --define=ccs="ccs" --define=PART_TM4C123GH6PM -g --gcc --diag_warning=225 --diag_wrap=off --display_error_number --abi=eabi --preproc_with_compile --preproc_dependency="OrbitOLED/lib_OrbitOled/OrbitOled.d_raw" --obj_directory="OrbitOLED/lib_OrbitOled"  "P:/lab_a02_group_10/OrbitOLED/lib_OrbitOled/OrbitOled.c"
'Finished building: "P:/lab_a02_group_10/OrbitOLED/lib_OrbitOled/OrbitOled.c"'
 
'Building file: "P:/lab_a02_group_10/OrbitOLED/lib_OrbitOled/OrbitOledGrph.c"'
'Invoking: ARM Compiler'
"C:/ti/ccsv7/tools/compiler/ti-cgt-arm_16.9.6.LTS/bin/armcl" -mv7M4 --code_state=16 --float_support=FPv4SPD16 -me --include_path="E:/lab_a02_group_10/milestone_one" --include_path="P:/lab_a02_group_10" --include_path="C:/ti/TivaWare_C_Series-2.1.4.178" --include_path="C:/ti/ccsv7/tools/compiler/ti-cgt-arm_16.9.6.LTS/include" --define=ccs="ccs" --define=PART_TM4C123GH6PM -g --gcc --diag_warning=225 --diag_wrap=off --display_error_number --abi=eabi --preproc_with_compile --preproc_dependency="OrbitOLED/lib_OrbitOled/OrbitOledGrph.d_raw" --obj_directory="OrbitOLED/lib_OrbitOled"  "P:/lab_a02_group_10/OrbitOLED/lib_OrbitOled/OrbitOledGrph.c"
"P:/lab_a02_group_10/OrbitOLED/lib_OrbitOled/OrbitOledGrph.c", line 615: warning #552-D: variable "bTmp" was set but never used
"P:/lab_a02_group_10/OrbitOLED/lib_OrbitOled/OrbitOledGrph.c", line 818: warning #552-D: variable "pbBmp" was set but never used
'Finished building: "P:/lab_a02_group_10/OrbitOLED/lib_OrbitOled/OrbitOledGrph.c"'
 
'Building target: "milestone_one.out"'
'Invoking: ARM Linker'
"C:/ti/ccsv7/tools/compiler/ti-cgt-arm_16.9.6.LTS/bin/armcl" -mv7M4 --code_state=16 --float_support=FPv4SPD16 -me --define=ccs="ccs" --define=PART_TM4C123GH6PM -g --gcc --diag_warning=225 --diag_wrap=off --display_error_number --abi=eabi -z -m"milestone_one.map" --heap_size=512 --stack_size=512 -i"C:/ti/ccsv7/tools/compiler/ti-cgt-arm_16.9.6.LTS/lib" -i"C:/ti/ccsv7/tools/compiler/ti-cgt-arm_16.9.6.LTS/include" --reread_libs --diag_wrap=off --display_error_number --warn_sections --xml_link_info="milestone_one_linkInfo.xml" --rom_model -o "milestone_one.out" "./Milestone1.obj" "./Milestone2.obj" "./buttons4.obj" "./circBufT.obj" "./tm4c123gh6pm_startup_ccs.obj" "./ustdlib.obj" "./OrbitOLED/OrbitOLEDInterface.obj" "./OrbitOLED/lib_OrbitOled/ChrFont0.obj" "./OrbitOLED/lib_OrbitOled/FillPat.obj" "./OrbitOLED/lib_OrbitOled/OrbitOled.obj" "./OrbitOLED/lib_OrbitOled/OrbitOledChar.obj" "./OrbitOLED/lib_OrbitOled/OrbitOledGrph.obj" "./OrbitOLED/lib_OrbitOled/delay.obj" "../tm4c123gh6pm.cmd"  -llibc.a -l"C:/ti/TivaWare_C_Series-2.1.4.178/driverlib/ccs/Debug/driverlib.lib" 
<Linking>
error #10056: symbol "SysTickIntHandler" redefined: first defined in "./Milestone1.obj"; redefined in "./Milestone2.obj"
error #10056: symbol "displayMeanVal" redefined: first defined in "./Milestone1.obj"; redefined in "./Milestone2.obj"
error #10056: symbol "main" redefined: first defined in "./Milestone1.obj"; redefined in "./Milestone2.obj"
error #10056: symbol "ADCIntHandler" redefined: first defined in "./Milestone1.obj"; redefined in "./Milestone2.obj"
error #10056: symbol "initADC" redefined: first defined in "./Milestone1.obj"; redefined in "./Milestone2.obj"
error #10056: symbol "initClock" redefined: first defined in "./Milestone1.obj"; redefined in "./Milestone2.obj"
error #10056: symbol "initDisplay" redefined: first defined in "./Milestone1.obj"; redefined in "./Milestone2.obj"
error #10010: errors encountered during linking; "milestone_one.out" not built

>> Compilation failure
makefile:158: recipe for target 'milestone_one.out' failed
gmake[1]: *** [milestone_one.out] Error 1
makefile:154: recipe for target 'all' failed
gmake: *** [all] Error 2

**** Build Finished ****
